<?xml version="1.0" encoding="UTF-8"?>
<testsuite xmlns:xsi="http://www.w3.org/2001/XMLSchema-instance" xsi:noNamespaceSchemaLocation="https://maven.apache.org/surefire/maven-surefire-plugin/xsd/surefire-test-report-3.0.xsd" version="3.0" name="com.kibo.pgar.lib.Tests" time="0.242" tests="3" errors="0" skipped="0" failures="0">
  <properties>
[...]
</properties>
  <testcase name="testPrettyStrings" classname="com.kibo.pgar.lib.Tests" time="0.027">
    <system-out><![CDATA[13:55:05.410 [main] INFO  com.kibo.pgar.lib.Tests - Test Started - PrettyStrings
13:55:05.413 [main] INFO  com.kibo.pgar.lib.Tests - 
Isolated Line

~~~~~~~~~~~~~~~~~~~~
aaaaaaaaaa
~~~~~~~~~~~~~~~~~~~~
Column Left     
    Column Right
~~~~~~~~~~~~~~~~~~~~
     Centered     
~~~~~~~~~~~~~~~~~~~~
------------------------------
  Framed Centered, no VFrame  
------------------------------

---------------------------
| Framed Centered, VFrame |
---------------------------

--------------------------
Framed Left, no VFrame    
--------------------------

-----------------------
|Framed Left, VFrame  |
-----------------------

---------------------------
    Framed Right, no VFrame
---------------------------

------------------------
|  Framed Right, VFrame|
------------------------


13:55:05.415 [main] INFO  com.kibo.pgar.lib.Tests - Test Ended - PrettyStrings
]]></system-out>
  </testcase>
  <testcase name="testAnsiClasses" classname="com.kibo.pgar.lib.Tests" time="0.006">
    <system-out><![CDATA[13:55:05.432 [main] INFO  com.kibo.pgar.lib.Tests - Test Started - AnsiClasses
13:55:05.433 [main] INFO  com.kibo.pgar.lib.Tests - 
&amp#27;[7minvert&amp#27;[0m
&amp#27;[30mblack&amp#27;[0m
&amp#27;[31mred&amp#27;[0m
&amp#27;[32mgreen&amp#27;[0m
&amp#27;[33myellow&amp#27;[0m
&amp#27;[34mblue&amp#27;[0m
&amp#27;[35mpurple&amp#27;[0m
&amp#27;[36mcyan&amp#27;[0m
&amp#27;[37mwhite&amp#27;[0m
&amp#27;[40mblack_background&amp#27;[0m
&amp#27;[41mred_background&amp#27;[0m
&amp#27;[42mgreen_background&amp#27;[0m
&amp#27;[43myellow_background&amp#27;[0m
&amp#27;[44mblue_background&amp#27;[0m
&amp#27;[45mpurple_background&amp#27;[0m
&amp#27;[46mcyan_background&amp#27;[0m
&amp#27;[47mwhite_background&amp#27;[0m
~~~~~~~~~~~~~~~~~~~~
&amp#27;[1mbold&amp#27;[0m
&amp#27;[2mlight&amp#27;[0m
&amp#27;[3mitalic&amp#27;[0m
~~~~~~~~~~~~~~~~~~~~
&amp#27;[4munderline&amp#27;[0m
&amp#27;[8mhide&amp#27;[0m
&amp#27;[9mstrikethrough&amp#27;[0m
&amp#27;[21mdouble_underline&amp#27;[0m

&amp#27;[53moverline&amp#27;[0m

13:55:05.434 [main] INFO  com.kibo.pgar.lib.Tests - Test Ended - AnsiClasses
]]></system-out>
  </testcase>
  <testcase name="testKnownProblems" classname="com.kibo.pgar.lib.Tests" time="0.004">
    <system-out><![CDATA[13:55:05.437 [main] INFO  com.kibo.pgar.lib.Tests - Test Started - KnownProblems
13:55:05.439 [main] INFO  com.kibo.pgar.lib.Tests - Test Ended - KnownProblems
]]></system-out>
  </testcase>
</testsuite>